<?xml version="1.0" encoding="UTF-8"?>
<testng-results skipped="0" failed="0" ignored="0" total="5" passed="5">
  <reporter-output>
  </reporter-output>
  <suite name="TestingSuite" duration-ms="87948" started-at="2019-09-22T18:41:57Z" finished-at="2019-09-22T18:43:25Z">
    <groups>
    </groups>
    <test name="ChromeTest" duration-ms="68676" started-at="2019-09-22T18:41:57Z" finished-at="2019-09-22T18:43:06Z">
      <class name="com.symphony.test.NegativeLogInTest">
        <test-method status="PASS" signature="setup(java.lang.String)[pri:0, instance:com.symphony.test.NegativeLogInTest@1c3a4799]" name="setup" is-config="true" duration-ms="3764" started-at="2019-09-22T18:41:57Z" finished-at="2019-09-22T18:42:01Z">
          <params>
            <param index="0">
              <value>
                <![CDATA[Chrome]]>
              </value>
            </param>
          </params>
          <reporter-output>
          </reporter-output>
        </test-method> <!-- setup -->
        <test-method status="PASS" signature="negativeLoginTest1()[pri:0, instance:com.symphony.test.NegativeLogInTest@1c3a4799]" name="negativeLoginTest1" duration-ms="13832" started-at="2019-09-22T18:42:01Z" finished-at="2019-09-22T18:42:15Z">
          <reporter-output>
          </reporter-output>
        </test-method> <!-- negativeLoginTest1 -->
        <test-method status="PASS" signature="tearDown(org.testng.ITestResult)[pri:0, instance:com.symphony.test.NegativeLogInTest@1c3a4799]" name="tearDown" is-config="true" duration-ms="764" started-at="2019-09-22T18:42:15Z" finished-at="2019-09-22T18:42:15Z">
          <params>
            <param index="0">
              <value>
                <![CDATA[[TestResult name=negativeLoginTest1 status=SUCCESS method=NegativeLogInTest.negativeLoginTest1()[pri:0, instance:com.symphony.test.NegativeLogInTest@1c3a4799] output={null}]]]>
              </value>
            </param>
          </params>
          <reporter-output>
          </reporter-output>
        </test-method> <!-- tearDown -->
      </class> <!-- com.symphony.test.NegativeLogInTest -->
      <class name="com.symphony.test.CreateAccountTest">
        <test-method status="PASS" signature="setup(java.lang.String)[pri:0, instance:com.symphony.test.CreateAccountTest@131276c2]" name="setup" is-config="true" duration-ms="2627" started-at="2019-09-22T18:42:15Z" finished-at="2019-09-22T18:42:18Z">
          <params>
            <param index="0">
              <value>
                <![CDATA[Chrome]]>
              </value>
            </param>
          </params>
          <reporter-output>
          </reporter-output>
        </test-method> <!-- setup -->
        <test-method status="PASS" signature="createAccountTest()[pri:0, instance:com.symphony.test.CreateAccountTest@131276c2]" name="createAccountTest" duration-ms="17076" started-at="2019-09-22T18:42:18Z" finished-at="2019-09-22T18:42:35Z">
          <reporter-output>
          </reporter-output>
        </test-method> <!-- createAccountTest -->
        <test-method status="PASS" signature="tearDown(org.testng.ITestResult)[pri:0, instance:com.symphony.test.CreateAccountTest@131276c2]" name="tearDown" is-config="true" duration-ms="822" started-at="2019-09-22T18:42:35Z" finished-at="2019-09-22T18:42:36Z">
          <params>
            <param index="0">
              <value>
                <![CDATA[[TestResult name=createAccountTest status=SUCCESS method=CreateAccountTest.createAccountTest()[pri:0, instance:com.symphony.test.CreateAccountTest@131276c2] output={null}]]]>
              </value>
            </param>
          </params>
          <reporter-output>
          </reporter-output>
        </test-method> <!-- tearDown -->
      </class> <!-- com.symphony.test.CreateAccountTest -->
      <class name="com.symphony.test.SaveDressesTest">
        <test-method status="PASS" signature="setup(java.lang.String)[pri:0, instance:com.symphony.test.SaveDressesTest@3fd7a715]" name="setup" is-config="true" duration-ms="2510" started-at="2019-09-22T18:42:49Z" finished-at="2019-09-22T18:42:51Z">
          <params>
            <param index="0">
              <value>
                <![CDATA[Chrome]]>
              </value>
            </param>
          </params>
          <reporter-output>
          </reporter-output>
        </test-method> <!-- setup -->
        <test-method status="PASS" signature="saveDressesTest()[pri:0, instance:com.symphony.test.SaveDressesTest@3fd7a715]" name="saveDressesTest" duration-ms="13539" started-at="2019-09-22T18:42:51Z" finished-at="2019-09-22T18:43:05Z">
          <reporter-output>
          </reporter-output>
        </test-method> <!-- saveDressesTest -->
        <test-method status="PASS" signature="tearDown(org.testng.ITestResult)[pri:0, instance:com.symphony.test.SaveDressesTest@3fd7a715]" name="tearDown" is-config="true" duration-ms="749" started-at="2019-09-22T18:43:05Z" finished-at="2019-09-22T18:43:06Z">
          <params>
            <param index="0">
              <value>
                <![CDATA[[TestResult name=saveDressesTest status=SUCCESS method=SaveDressesTest.saveDressesTest()[pri:0, instance:com.symphony.test.SaveDressesTest@3fd7a715] output={null}]]]>
              </value>
            </param>
          </params>
          <reporter-output>
          </reporter-output>
        </test-method> <!-- tearDown -->
      </class> <!-- com.symphony.test.SaveDressesTest -->
      <class name="com.symphony.test.SearchResultTest">
        <test-method status="PASS" signature="setup(java.lang.String)[pri:0, instance:com.symphony.test.SearchResultTest@26aa12dd]" name="setup" is-config="true" duration-ms="2518" started-at="2019-09-22T18:42:36Z" finished-at="2019-09-22T18:42:38Z">
          <params>
            <param index="0">
              <value>
                <![CDATA[Chrome]]>
              </value>
            </param>
          </params>
          <reporter-output>
          </reporter-output>
        </test-method> <!-- setup -->
        <test-method status="PASS" signature="searchTest()[pri:0, instance:com.symphony.test.SearchResultTest@26aa12dd]" name="searchTest" duration-ms="9629" started-at="2019-09-22T18:42:38Z" finished-at="2019-09-22T18:42:48Z">
          <reporter-output>
          </reporter-output>
        </test-method> <!-- searchTest -->
        <test-method status="PASS" signature="tearDown(org.testng.ITestResult)[pri:0, instance:com.symphony.test.SearchResultTest@26aa12dd]" name="tearDown" is-config="true" duration-ms="806" started-at="2019-09-22T18:42:48Z" finished-at="2019-09-22T18:42:49Z">
          <params>
            <param index="0">
              <value>
                <![CDATA[[TestResult name=searchTest status=SUCCESS method=SearchResultTest.searchTest()[pri:0, instance:com.symphony.test.SearchResultTest@26aa12dd] output={null}]]]>
              </value>
            </param>
          </params>
          <reporter-output>
          </reporter-output>
        </test-method> <!-- tearDown -->
      </class> <!-- com.symphony.test.SearchResultTest -->
    </test> <!-- ChromeTest -->
    <test name="FirefoxTest" duration-ms="19196" started-at="2019-09-22T18:43:06Z" finished-at="2019-09-22T18:43:25Z">
      <class name="com.symphony.test.NegativeLogInTest">
        <test-method status="PASS" signature="setup(java.lang.String)[pri:0, instance:com.symphony.test.NegativeLogInTest@27a8c74e]" name="setup" is-config="true" duration-ms="4668" started-at="2019-09-22T18:43:06Z" finished-at="2019-09-22T18:43:10Z">
          <params>
            <param index="0">
              <value>
                <![CDATA[Firefox]]>
              </value>
            </param>
          </params>
          <reporter-output>
          </reporter-output>
        </test-method> <!-- setup -->
        <test-method status="PASS" signature="negativeLoginTest1()[pri:0, instance:com.symphony.test.NegativeLogInTest@27a8c74e]" name="negativeLoginTest1" duration-ms="12637" started-at="2019-09-22T18:43:10Z" finished-at="2019-09-22T18:43:23Z">
          <reporter-output>
          </reporter-output>
        </test-method> <!-- negativeLoginTest1 -->
        <test-method status="PASS" signature="tearDown(org.testng.ITestResult)[pri:0, instance:com.symphony.test.NegativeLogInTest@27a8c74e]" name="tearDown" is-config="true" duration-ms="1887" started-at="2019-09-22T18:43:23Z" finished-at="2019-09-22T18:43:25Z">
          <params>
            <param index="0">
              <value>
                <![CDATA[[TestResult name=negativeLoginTest1 status=SUCCESS method=NegativeLogInTest.negativeLoginTest1()[pri:0, instance:com.symphony.test.NegativeLogInTest@27a8c74e] output={null}]]]>
              </value>
            </param>
          </params>
          <reporter-output>
          </reporter-output>
        </test-method> <!-- tearDown -->
      </class> <!-- com.symphony.test.NegativeLogInTest -->
    </test> <!-- FirefoxTest -->
  </suite> <!-- TestingSuite -->
</testng-results>
