<?xml version="1.0" encoding="UTF-8"?>
<testsuite xmlns:xsi="http://www.w3.org/2001/XMLSchema-instance" xsi:noNamespaceSchemaLocation="https://maven.apache.org/surefire/maven-surefire-plugin/xsd/surefire-test-report-3.0.xsd" version="3.0" name="TestSuite" time="89.117" tests="5" errors="0" skipped="0" failures="0">
  <properties>
[...]
</properties>
  <testcase name="negativeLoginTest1" classname="com.symphony.test.NegativeLogInTest" time="13.836"/>
  <testcase name="negativeLoginTest1" classname="com.symphony.test.NegativeLogInTest" time="12.637"/>
  <testcase name="createAccountTest" classname="com.symphony.test.CreateAccountTest" time="17.08"/>
  <testcase name="searchTest" classname="com.symphony.test.SearchResultTest" time="9.628"/>
  <testcase name="saveDressesTest" classname="com.symphony.test.SaveDressesTest" time="13.539"/>
</testsuite>