<?xml version="1.0" encoding="UTF-8"?>
<!-- Generated by org.testng.reporters.JUnitXMLReporter -->
<testsuite hostname="vwnb0082" ignored="0" name="ChromeTest" tests="4" failures="0" timestamp="22 Sep 2019 14:32:06 GMT" time="66.141" errors="0">
  <testcase name="negativeLoginTest1" time="12.281" classname="com.symphony.test.NegativeLogInTest"/>
  <testcase name="loginTest" time="17.661" classname="com.symphony.test.LogInTest"/>
  <testcase name="searchTest" time="9.318" classname="com.symphony.test.SearchResultTest"/>
  <testcase name="saveDressesTest" time="11.853" classname="com.symphony.test.SaveDressesTest"/>
</testsuite> <!-- ChromeTest -->
