<?xml version="1.0" encoding="UTF-8"?>
<!-- Generated by org.testng.reporters.JUnitXMLReporter -->
<testsuite hostname="vwnb0082" ignored="0" name="ChromeTest" tests="4" failures="0" timestamp="22 Sep 2019 18:43:06 GMT" time="68.676" errors="0">
  <testcase name="negativeLoginTest1" time="13.832" classname="com.symphony.test.NegativeLogInTest"/>
  <testcase name="createAccountTest" time="17.076" classname="com.symphony.test.CreateAccountTest"/>
  <testcase name="searchTest" time="9.629" classname="com.symphony.test.SearchResultTest"/>
  <testcase name="saveDressesTest" time="13.539" classname="com.symphony.test.SaveDressesTest"/>
</testsuite> <!-- ChromeTest -->
